c:\users\fukuoka.shota\desktop\taso\win32project\release\vc141.pdb
c:\users\fukuoka.shota\desktop\taso\win32project\release\mesh_field.obj
c:\users\fukuoka.shota\desktop\taso\win32project\release\mesh.obj
c:\users\fukuoka.shota\desktop\taso\win32project\release\player.obj
c:\users\fukuoka.shota\desktop\taso\win32project\release\character.obj
c:\users\fukuoka.shota\desktop\taso\win32project\release\shadow_map.obj
c:\users\fukuoka.shota\desktop\taso\win32project\release\canvas_manager.obj
c:\users\fukuoka.shota\desktop\taso\win32project\release\canvas.obj
c:\users\fukuoka.shota\desktop\taso\win32project\release\main_camera.obj
c:\users\fukuoka.shota\desktop\taso\win32project\release\light_camera.obj
c:\users\fukuoka.shota\desktop\taso\win32project\release\camera.obj
c:\users\fukuoka.shota\desktop\taso\win32project\release\model_manager.obj
c:\users\fukuoka.shota\desktop\taso\win32project\release\model.obj
c:\users\fukuoka.shota\desktop\taso\win32project\release\main.obj
c:\users\fukuoka.shota\desktop\taso\win32project\release\vector.obj
c:\users\fukuoka.shota\desktop\taso\win32project\release\imgui_impl_dx11.obj
c:\users\fukuoka.shota\desktop\taso\win32project\release\imgui_draw.obj
c:\users\fukuoka.shota\desktop\taso\win32project\release\imgui_demo.obj
c:\users\fukuoka.shota\desktop\taso\win32project\release\imgui.obj
c:\users\fukuoka.shota\desktop\taso\win32project\release\input.obj
c:\users\fukuoka.shota\desktop\taso\win32project\release\app.obj
c:\users\fukuoka.shota\desktop\taso\win32project\release\texture_manager.obj
c:\users\fukuoka.shota\desktop\taso\win32project\release\texture.obj
c:\users\fukuoka.shota\desktop\taso\win32project\release\shader_manager.obj
c:\users\fukuoka.shota\desktop\taso\win32project\release\shader.obj
c:\users\fukuoka.shota\desktop\taso\win32project\release\render_manager.obj
c:\users\fukuoka.shota\desktop\taso\win32project\release\renderer.obj
c:\users\fukuoka.shota\desktop\taso\win32project\release\app_renderer.obj
c:\users\fukuoka.shota\desktop\taso\win32project\release\object.obj
c:\users\fukuoka.shota\desktop\taso\win32project\release\skybox.obj
c:\users\fukuoka.shota\desktop\taso\win32project\release\mesh_manager.obj
c:\users\fukuoka.shota\desktop\taso\win32project\bin\shader\matpixelshader.cso
c:\users\fukuoka.shota\desktop\taso\win32project\bin\shader\normalpshader.cso
c:\users\fukuoka.shota\desktop\taso\win32project\bin\shader\normalvshader.cso
c:\users\fukuoka.shota\desktop\taso\win32project\bin\shader\pixel3dshader.cso
c:\users\fukuoka.shota\desktop\taso\win32project\bin\shader\pixelshader.cso
c:\users\fukuoka.shota\desktop\taso\win32project\bin\shader\shadow.cso
c:\users\fukuoka.shota\desktop\taso\win32project\bin\shader\skinmeshshader.cso
c:\users\fukuoka.shota\desktop\taso\win32project\bin\shader\toonpixel.cso
c:\users\fukuoka.shota\desktop\taso\win32project\bin\shader\toonshader.cso
c:\users\fukuoka.shota\desktop\taso\win32project\bin\shader\vertex3dshader.cso
c:\users\fukuoka.shota\desktop\taso\win32project\bin\shader\vertexshader.cso
c:\users\fukuoka.shota\desktop\taso\win32project.exe
c:\users\fukuoka.shota\desktop\taso\win32project.pdb
c:\users\fukuoka.shota\desktop\taso\win32project\release\icon.res
c:\users\fukuoka.shota\desktop\taso\win32project.ipdb
c:\users\fukuoka.shota\desktop\taso\win32project.iobj
c:\users\fukuoka.shota\desktop\taso\win32project\release\win32project.tlog\cl.command.1.tlog
c:\users\fukuoka.shota\desktop\taso\win32project\release\win32project.tlog\cl.read.1.tlog
c:\users\fukuoka.shota\desktop\taso\win32project\release\win32project.tlog\cl.write.1.tlog
c:\users\fukuoka.shota\desktop\taso\win32project\release\win32project.tlog\fxc.command.1.tlog
c:\users\fukuoka.shota\desktop\taso\win32project\release\win32project.tlog\fxc.read.1.tlog
c:\users\fukuoka.shota\desktop\taso\win32project\release\win32project.tlog\fxc.write.1.tlog
c:\users\fukuoka.shota\desktop\taso\win32project\release\win32project.tlog\link.command.1.tlog
c:\users\fukuoka.shota\desktop\taso\win32project\release\win32project.tlog\link.read.1.tlog
c:\users\fukuoka.shota\desktop\taso\win32project\release\win32project.tlog\link.write.1.tlog
c:\users\fukuoka.shota\desktop\taso\win32project\release\win32project.tlog\rc.command.1.tlog
c:\users\fukuoka.shota\desktop\taso\win32project\release\win32project.tlog\rc.read.1.tlog
c:\users\fukuoka.shota\desktop\taso\win32project\release\win32project.tlog\rc.write.1.tlog
c:\users\fukuoka.shota\desktop\taso\win32project\release\win32project.tlog\win32project.write.1u.tlog
